<?xml version="1.0" encoding="UTF-8"?>
<testsuite xmlns:xsi="http://www.w3.org/2001/XMLSchema-instance" xsi:noNamespaceSchemaLocation="https://maven.apache.org/surefire/maven-surefire-plugin/xsd/surefire-test-report.xsd" version="3.0.2" name="com.example.QuizAutomationTest" time="36.124" tests="1" errors="0" skipped="0" failures="0">
  <properties>
[...]
</properties>
  <testcase name="automateQuizFlow" classname="com.example.QuizAutomationTest" time="32.968">
    <system-out><![CDATA[[2025-11-19 22:57:21] === New test run ===
[2025-11-19 22:57:23] WebDriver initialized
[2025-11-19 22:57:24] Landing Page URL: file:///C:/Users/OS/Desktop/TestingAPpp/quiz-app/index.html
[2025-11-19 22:57:24] Landing Page Title: Dynamic Quiz Application
[2025-11-19 22:57:24] Waiting 5 seconds before: capture landing page screenshot
[2025-11-19 22:57:29] Saved screenshot: C:\Users\OS\Desktop\TestingAPpp\selenium-tests\screenshots\01_landing_page.png
[2025-11-19 22:57:29] Waiting 5 seconds before: start quiz
[2025-11-19 22:57:34] First Question: Water freezes at what temperature (°C)?
[2025-11-19 22:57:34] Quiz per-question timer disabled for testing.
[2025-11-19 22:57:34] Waiting 5 seconds before: capture first question screenshot
[2025-11-19 22:57:40] Saved screenshot: C:\Users\OS\Desktop\TestingAPpp\selenium-tests\screenshots\02_first_question.png
[2025-11-19 22:57:40] Waiting 5 seconds before: answer current question
[2025-11-19 22:57:45] Saved screenshot: C:\Users\OS\Desktop\TestingAPpp\selenium-tests\screenshots\question_Question_1_of_1.png
[2025-11-19 22:57:45] Waiting 5 seconds before: submit quiz
[2025-11-19 22:57:51] Saved screenshot: C:\Users\OS\Desktop\TestingAPpp\selenium-tests\screenshots\03_after_submit.png
[2025-11-19 22:57:51] Result Summary Text: 
Total Questions: 1
Correct Answers: 1
Incorrect Answers: 0
Score: 100%
Total Time Spent: 0 seconds
Average Time per Question: 0.0 seconds
[2025-11-19 22:57:51] Waiting 5 seconds before: capture result analysis screenshot
[2025-11-19 22:57:56] Saved screenshot: C:\Users\OS\Desktop\TestingAPpp\selenium-tests\screenshots\04_result_analysis.png
[2025-11-19 22:57:56] Quiz automation test completed successfully.
]]></system-out>
    <system-err><![CDATA[SLF4J(W): No SLF4J providers were found.
SLF4J(W): Defaulting to no-operation (NOP) logger implementation
SLF4J(W): See https://www.slf4j.org/codes.html#noProviders for further details.
Nov 19, 2025 10:57:23 PM org.openqa.selenium.devtools.CdpVersionFinder findNearestMatch
WARNING: Unable to find CDP implementation matching 142
Nov 19, 2025 10:57:23 PM org.openqa.selenium.chromium.ChromiumDriver lambda$new$5
WARNING: Unable to find version of CDP to use for 142.0.7444.176. You may need to include a dependency on a specific version of the CDP using something similar to `org.seleniumhq.selenium:selenium-devtools-v86:4.24.0` where the version ("v86") matches the version of the chromium-based browser you're using and the version number of the artifact is the same as Selenium's.
]]></system-err>
  </testcase>
</testsuite>